[0.000000] (-) TimerEvent: {}
[0.000078] (cpmr_ch8) JobQueued: {'identifier': 'cpmr_ch8', 'dependencies': OrderedDict()}
[0.000353] (cpmr_ch8) JobStarted: {'identifier': 'cpmr_ch8'}
[0.105021] (-) TimerEvent: {}
[0.210165] (-) TimerEvent: {}
[0.315246] (-) TimerEvent: {}
[0.420332] (-) TimerEvent: {}
[0.525416] (-) TimerEvent: {}
[0.630473] (-) TimerEvent: {}
[0.734618] (-) TimerEvent: {}
[0.839908] (-) TimerEvent: {}
[0.945061] (-) TimerEvent: {}
[1.050158] (-) TimerEvent: {}
[1.155277] (-) TimerEvent: {}
[1.260376] (-) TimerEvent: {}
[1.365458] (-) TimerEvent: {}
[1.470535] (-) TimerEvent: {}
[1.572947] (-) TimerEvent: {}
[1.585258] (cpmr_ch8) StderrLine: {'line': b'Traceback (most recent call last):\n  File "/Users/mafu/miniforge3/envs/ros_env/lib/python3.10/site-packages/colcon_parallel_executor/executor/parallel.py", line 75, in execute\n    loop.run_until_complete(future)\n  File "/Users/mafu/miniforge3/envs/ros_env/lib/python3.10/asyncio/base_events.py", line 636, in run_until_complete\n    self.run_forever()\n  File "/Users/mafu/miniforge3/envs/ros_env/lib/python3.10/asyncio/base_events.py", line 603, in run_forever\n    self._run_once()\n  File "/Users/mafu/miniforge3/envs/ros_env/lib/python3.10/asyncio/base_events.py", line 1871, in _run_once\n    event_list = self._selector.select(timeout)\n  File "/Users/mafu/miniforge3/envs/ros_env/lib/python3.10/selectors.py", line 562, in select\n    kev_list = self._selector.control(None, max_ev, timeout)\nKeyboardInterrupt\n\nDuring handling of the above exception, another exception occurred:\n\nTraceback (most recent call last):\n  File "/Users/mafu/miniforge3/envs/ros_env/lib/python3.10/site-packages/colcon_core/executor/__init__.py", line 91, in __call__\n    rc = await self.task(*args, **kwargs)\n  File "/Users/mafu/miniforge3/envs/ros_env/lib/python3.10/site-packages/colcon_core/task/__init__.py", line 93, in __call__\n    return await task_method(*args, **kwargs)\n  File "/Users/mafu/miniforge3/envs/ros_env/lib/python3.10/site-packages/colcon_ros/task/ament_python/build.py", line 102, in build\n    return await extension.build(additional_hooks=additional_hooks)\n  File "/Users/mafu/miniforge3/envs/ros_env/lib/python3.10/site-packages/colcon_core/task/python/build.py", line 94, in build\n    available_commands = await self._get_available_commands(\n  File "/Users/mafu/miniforge3/envs/ros_env/lib/python3.10/site-packages/colcon_core/task/python/build.py", line 192, in _get_available_commands\n    output = await check_output(\n  File "/Users/mafu/miniforge3/envs/ros_env/lib/python3.10/site-packages/colcon_core/subprocess.py", line 129, in check_output\n    assert not rc, f\'Expected {args} to pass: {stderr_data}\'\nAssertionError: Expected [\'/Users/mafu/miniforge3/envs/ros_env/bin/python3.10\', \'-W\', \'ignore:setup.py install is deprecated\', \'setup.py\', \'--help-commands\'] to pass: Traceback (most recent call last):\n  File "/Users/mafu/Desktop/robotics/Assignment3/ros2_ws/src/cpmr_ch8/setup.py", line 7, in <module>\n    setup(\n  File "/Users/mafu/miniforge3/envs/ros_env/lib/python3.10/site-packages/setuptools/__init__.py", line 77, in setup\n    return distutils.core.setup(**attrs)\n  File "/Users/mafu/miniforge3/envs/ros_env/lib/python3.10/site-packages/setuptools/_distutils/core.py", line 135, in setup\n    ok = dist.parse_command_line()\n  File "/Users/mafu/miniforge3/envs/ros_env/lib/python3.10/site-packages/setuptools/_distutils/dist.py", line 481, in parse_command_line\n    if self.handle_display_options(option_order):\n  File "/Users/mafu/miniforge3/envs/ros_env/lib/python3.10/site-packages/setuptools/dist.py", line 1164, in handle_display_options\n    return _Distribution.handle_display_options(self, option_order)\n  File "/Users/mafu/miniforge3/envs/ros_env/lib/python3.10/site-packages/setuptools/_distutils/dist.py", line 684, in handle_display_options\n    self.print_commands()\n  File "/Users/mafu/miniforge3/envs/ros_env/lib/python3.10/site-packages/setuptools/dist.py", line 943, in print_commands\n    return _Distribution.print_commands(self)\n  File "/Users/mafu/miniforge3/envs/ros_env/lib/python3.10/site-packages/setuptools/_distutils/dist.py", line 753, in print_commands\n    self.print_command_list(std_commands,\n  File "/Users/mafu/miniforge3/envs/ros_env/lib/python3.10/site-packages/setuptools/_distutils/dist.py", line 721, in print_command_list\n    klass = self.get_command_class(cmd)\n  File "/Users/mafu/miniforge3/envs/ros_env/lib/python3.10/site-packages/setuptools/dist.py", line 930, in get_command_class\n    eps = metadata.entry_points(group=\'distutils.commands\', name=command)\n  File "/Users/mafu/miniforge3/envs/ros_env/lib/python3.10/importlib/metadata/__init__.py", line 1021, in entry_points\n    return SelectableGroups.load(eps).select(**params)\n  File "/Users/mafu/miniforge3/envs/ros_env/lib/python3.10/importlib/metadata/__init__.py", line 459, in load\n    ordered = sorted(eps, key=by_group)\n  File "/Users/mafu/miniforge3/envs/ros_env/lib/python3.10/importlib/metadata/__init__.py", line 1019, in <genexpr>\n    dist.entry_points for dist in unique(distributions())\n  File "/Users/mafu/miniforge3/envs/ros_env/lib/python3.10/importlib/metadata/__init__.py", line 631, in entry_points\n    return EntryPoints._from_text_for(self.read_text(\'entry_points.txt\'), self)\n  File "/Users/mafu/miniforge3/envs/ros_env/lib/python3.10/importlib/metadata/__init__.py", line 927, in read_text\n    return self._path.joinpath(filename).read_text(encoding=\'utf-8\')\n  File "/Users/mafu/miniforge3/envs/ros_env/lib/python3.10/pathlib.py", line 1134, in read_text\n    with self.open(mode=\'r\', encoding=encoding, errors=errors) as f:\n  File "/Users/mafu/miniforge3/envs/ros_env/lib/python3.10/pathlib.py", line 1119, in open\n    return self._accessor.open(self, mode, buffering, encoding, errors,\n  File "/Users/mafu/miniforge3/envs/ros_env/lib/python3.10/codecs.py", line 309, in __init__\n    def __init__(self, errors=\'strict\'):\nKeyboardInterrupt\n\n'}
[1.586371] (cpmr_ch8) JobEnded: {'identifier': 'cpmr_ch8', 'rc': 'SIGINT'}
[1.598396] (-) EventReactorShutdown: {}
